>>> Received client request:
{
    "id": 0,
    "jsonrpc": "2.0",
    "method": "initialize",
    "params": {
        "capabilities": {
            "general": {
                "markdown": {
                    "parser": "marked",
                    "version": "1.1.0"
                },
                "positionEncodings": [
                    "utf-16"
                ],
                "regularExpressions": {
                    "engine": "ECMAScript",
                    "version": "ES2020"
                },
                "staleRequestSupport": {
                    "cancel": true,
                    "retryOnContentModified": [
                        "textDocument/semanticTokens/full",
                        "textDocument/semanticTokens/range",
                        "textDocument/semanticTokens/full/delta"
                    ]
                }
            },
            "notebookDocument": {
                "synchronization": {
                    "dynamicRegistration": true,
                    "executionSummarySupport": true
                }
            },
            "textDocument": {
                "callHierarchy": {
                    "dynamicRegistration": true
                },
                "codeAction": {
                    "codeActionLiteralSupport": {
                        "codeActionKind": {
                            "valueSet": [
                                "",
                                "quickfix",
                                "refactor",
                                "refactor.extract",
                                "refactor.inline",
                                "refactor.rewrite",
                                "source",
                                "source.organizeImports"
                            ]
                        }
                    },
                    "dataSupport": true,
                    "disabledSupport": true,
                    "dynamicRegistration": true,
                    "honorsChangeAnnotations": false,
                    "isPreferredSupport": true,
                    "resolveSupport": {
                        "properties": [
                            "edit"
                        ]
                    }
                },
                "codeLens": {
                    "dynamicRegistration": true
                },
                "colorProvider": {
                    "dynamicRegistration": true
                },
                "completion": {
                    "completionItem": {
                        "commitCharactersSupport": true,
                        "deprecatedSupport": true,
                        "documentationFormat": [
                            "markdown",
                            "plaintext"
                        ],
                        "insertReplaceSupport": true,
                        "insertTextModeSupport": {
                            "valueSet": [
                                1,
                                2
                            ]
                        },
                        "labelDetailsSupport": true,
                        "preselectSupport": true,
                        "resolveSupport": {
                            "properties": [
                                "documentation",
                                "detail",
                                "additionalTextEdits"
                            ]
                        },
                        "snippetSupport": true,
                        "tagSupport": {
                            "valueSet": [
                                1
                            ]
                        }
                    },
                    "completionItemKind": {
                        "valueSet": [
                            1,
                            2,
                            3,
                            4,
                            5,
                            6,
                            7,
                            8,
                            9,
                            10,
                            11,
                            12,
                            13,
                            14,
                            15,
                            16,
                            17,
                            18,
                            19,
                            20,
                            21,
                            22,
                            23,
                            24,
                            25
                        ]
                    },
                    "completionList": {
                        "itemDefaults": [
                            "commitCharacters",
                            "editRange",
                            "insertTextFormat",
                            "insertTextMode"
                        ]
                    },
                    "contextSupport": true,
                    "dynamicRegistration": true,
                    "insertTextMode": 2
                },
                "declaration": {
                    "dynamicRegistration": true,
                    "linkSupport": true
                },
                "definition": {
                    "dynamicRegistration": true,
                    "linkSupport": true
                },
                "diagnostic": {
                    "dynamicRegistration": true,
                    "relatedDocumentSupport": false
                },
                "documentHighlight": {
                    "dynamicRegistration": true
                },
                "documentLink": {
                    "dynamicRegistration": true,
                    "tooltipSupport": true
                },
                "documentSymbol": {
                    "dynamicRegistration": true,
                    "hierarchicalDocumentSymbolSupport": true,
                    "labelSupport": true,
                    "symbolKind": {
                        "valueSet": [
                            1,
                            2,
                            3,
                            4,
                            5,
                            6,
                            7,
                            8,
                            9,
                            10,
                            11,
                            12,
                            13,
                            14,
                            15,
                            16,
                            17,
                            18,
                            19,
                            20,
                            21,
                            22,
                            23,
                            24,
                            25,
                            26
                        ]
                    },
                    "tagSupport": {
                        "valueSet": [
                            1
                        ]
                    }
                },
                "foldingRange": {
                    "dynamicRegistration": true,
                    "foldingRange": {
                        "collapsedText": false
                    },
                    "foldingRangeKind": {
                        "valueSet": [
                            "comment",
                            "imports",
                            "region"
                        ]
                    },
                    "lineFoldingOnly": true,
                    "rangeLimit": 5000
                },
                "formatting": {
                    "dynamicRegistration": true
                },
                "hover": {
                    "contentFormat": [
                        "markdown",
                        "plaintext"
                    ],
                    "dynamicRegistration": true
                },
                "implementation": {
                    "dynamicRegistration": true,
                    "linkSupport": true
                },
                "inlayHint": {
                    "dynamicRegistration": true,
                    "resolveSupport": {
                        "properties": [
                            "tooltip",
                            "textEdits",
                            "label.tooltip",
                            "label.location",
                            "label.command"
                        ]
                    }
                },
                "inlineValue": {
                    "dynamicRegistration": true
                },
                "linkedEditingRange": {
                    "dynamicRegistration": true
                },
                "onTypeFormatting": {
                    "dynamicRegistration": true
                },
                "publishDiagnostics": {
                    "codeDescriptionSupport": true,
                    "dataSupport": true,
                    "relatedInformation": true,
                    "tagSupport": {
                        "valueSet": [
                            1,
                            2
                        ]
                    },
                    "versionSupport": false
                },
                "rangeFormatting": {
                    "dynamicRegistration": true
                },
                "references": {
                    "dynamicRegistration": true
                },
                "rename": {
                    "dynamicRegistration": true,
                    "honorsChangeAnnotations": true,
                    "prepareSupport": true,
                    "prepareSupportDefaultBehavior": 1
                },
                "selectionRange": {
                    "dynamicRegistration": true
                },
                "semanticTokens": {
                    "augmentsSyntaxTokens": true,
                    "dynamicRegistration": true,
                    "formats": [
                        "relative"
                    ],
                    "multilineTokenSupport": false,
                    "overlappingTokenSupport": false,
                    "requests": {
                        "full": {
                            "delta": true
                        },
                        "range": true
                    },
                    "serverCancelSupport": true,
                    "tokenModifiers": [
                        "declaration",
                        "definition",
                        "readonly",
                        "static",
                        "deprecated",
                        "abstract",
                        "async",
                        "modification",
                        "documentation",
                        "defaultLibrary"
                    ],
                    "tokenTypes": [
                        "namespace",
                        "type",
                        "class",
                        "enum",
                        "interface",
                        "struct",
                        "typeParameter",
                        "parameter",
                        "variable",
                        "property",
                        "enumMember",
                        "event",
                        "function",
                        "method",
                        "macro",
                        "keyword",
                        "modifier",
                        "comment",
                        "string",
                        "number",
                        "regexp",
                        "operator",
                        "decorator"
                    ]
                },
                "signatureHelp": {
                    "contextSupport": true,
                    "dynamicRegistration": true,
                    "signatureInformation": {
                        "activeParameterSupport": true,
                        "documentationFormat": [
                            "markdown",
                            "plaintext"
                        ],
                        "parameterInformation": {
                            "labelOffsetSupport": true
                        }
                    }
                },
                "synchronization": {
                    "didSave": true,
                    "dynamicRegistration": true,
                    "willSave": true,
                    "willSaveWaitUntil": true
                },
                "typeDefinition": {
                    "dynamicRegistration": true,
                    "linkSupport": true
                },
                "typeHierarchy": {
                    "dynamicRegistration": true
                }
            },
            "window": {
                "showDocument": {
                    "support": true
                },
                "showMessage": {
                    "messageActionItem": {
                        "additionalPropertiesSupport": true
                    }
                },
                "workDoneProgress": true
            },
            "workspace": {
                "applyEdit": true,
                "codeLens": {
                    "refreshSupport": true
                },
                "configuration": true,
                "diagnostics": {
                    "refreshSupport": true
                },
                "didChangeConfiguration": {
                    "dynamicRegistration": true
                },
                "didChangeWatchedFiles": {
                    "dynamicRegistration": true,
                    "relativePatternSupport": true
                },
                "executeCommand": {
                    "dynamicRegistration": true
                },
                "fileOperations": {
                    "didCreate": true,
                    "didDelete": true,
                    "didRename": true,
                    "dynamicRegistration": true,
                    "willCreate": true,
                    "willDelete": true,
                    "willRename": true
                },
                "inlayHint": {
                    "refreshSupport": true
                },
                "inlineValue": {
                    "refreshSupport": true
                },
                "semanticTokens": {
                    "refreshSupport": true
                },
                "symbol": {
                    "dynamicRegistration": true,
                    "resolveSupport": {
                        "properties": [
                            "location.range"
                        ]
                    },
                    "symbolKind": {
                        "valueSet": [
                            1,
                            2,
                            3,
                            4,
                            5,
                            6,
                            7,
                            8,
                            9,
                            10,
                            11,
                            12,
                            13,
                            14,
                            15,
                            16,
                            17,
                            18,
                            19,
                            20,
                            21,
                            22,
                            23,
                            24,
                            25,
                            26
                        ]
                    },
                    "tagSupport": {
                        "valueSet": [
                            1
                        ]
                    }
                },
                "workspaceEdit": {
                    "changeAnnotationSupport": {
                        "groupsOnLabel": true
                    },
                    "documentChanges": true,
                    "failureHandling": "textOnlyTransactional",
                    "normalizesLineEndings": true,
                    "resourceOperations": [
                        "create",
                        "rename",
                        "delete"
                    ]
                },
                "workspaceFolders": true
            }
        },
        "clientInfo": {
            "name": "Code - OSS",
            "version": "1.73.1"
        },
        "locale": "en-us",
        "processId": 12753,
        "rootPath": "/home/ajin/Desktop/ajpj/cpppls/test",
        "rootUri": "file:///home/ajin/Desktop/ajpj/cpppls/test",
        "trace": "off",
        "workspaceFolders": [
            {
                "name": "test",
                "uri": "file:///home/ajin/Desktop/ajpj/cpppls/test"
            }
        ]
    }
}

>>> Sending server response:
{
    "id": 0,
    "jsonrpc": "2.0",
    "result": {
        "capabilities": {
            "completionItem": {
                "labelDetailsSupport": "true"
            },
            "completionProvider": {
                "resolveProvider": true,
                "triggerCharacters": [
                    ">",
                    ":",
                    "$",
                    "@",
                    "%",
                    " ",
                    "-"
                ]
            },
            "definitionProvider": true,
            "documentFormattingProvider": true,
            "documentRangeFormattingProvider": true,
            "documentSymbolProvider": true,
            "hoverProvider": true,
            "signatureHelpProvider": {
                "triggerCharacters": [
                    "(",
                    ","
                ]
            },
            "textDocumentSync": {
                "change": 2,
                "openClose": true,
                "save": true
            },
            "workspace": {
                "workspaceFolders": {
                    "changeNotifications": true,
                    "supported": true
                }
            },
            "workspaceSymbolProvider": true
        }
    }
}

>>> Received client request:
{
    "jsonrpc": "2.0",
    "method": "initialized",
    "params": {}
}

>>> Sending server request:
{
    "id": 1,
    "jsonrpc": "2.0",
    "method": "workspace/configuration",
    "params": {
        "items": [
            {
                "section": "cpppls"
            }
        ]
    }
}

>>> Received client request:
{
    "jsonrpc": "2.0",
    "method": "textDocument/didOpen",
    "params": {
        "textDocument": {
            "languageId": "perl",
            "text": "use strict;\nuse warnings;\n\nmy $test = 1;\nmy $test = 1\nmy $test2 = 1;\n\n$test = $test3;\n",
            "uri": "file:///home/ajin/Desktop/ajpj/cpppls/test/main.pl",
            "version": 1
        }
    }
}

>>> Received client response:
{
    "id": 1,
    "jsonrpc": "2.0",
    "result": [
        {
            "perl_exe": "perl",
            "perl_incs": [
                "/home/ajin/Desktop/ajpj/cpppls/test/",
                "/usr/share/perl5/"
            ]
        }
    ]
}

--- Now g_perl_exe = "perl", g_perl_incs = ["/home/ajin/Desktop/ajpj/cpppls/test/", "/usr/share/perl5/"]

>>> Received client request:
{
    "id": 1,
    "jsonrpc": "2.0",
    "method": "textDocument/documentSymbol",
    "params": {
        "textDocument": {
            "uri": "file:///home/ajin/Desktop/ajpj/cpppls/test/main.pl"
        }
    }
}

>>> Received client request:
{
    "jsonrpc": "2.0",
    "method": "$/cancelRequest",
    "params": {
        "id": 1
    }
}

>>> Received client request:
{
    "jsonrpc": "2.0",
    "method": "textDocument/didOpen",
    "params": {
        "textDocument": {
            "languageId": "perl",
            "text": "",
            "uri": "file:///home/ajin/Desktop/ajpj/cpppls/test/test.pl",
            "version": 1
        }
    }
}

>>> Received client request:
{
    "id": 2,
    "jsonrpc": "2.0",
    "method": "textDocument/documentSymbol",
    "params": {
        "textDocument": {
            "uri": "file:///home/ajin/Desktop/ajpj/cpppls/test/test.pl"
        }
    }
}

>>> Received client request:
{
    "jsonrpc": "2.0",
    "method": "$/cancelRequest",
    "params": {
        "id": 2
    }
}

>>> Received client request:
{
    "id": 3,
    "jsonrpc": "2.0",
    "method": "textDocument/documentSymbol",
    "params": {
        "textDocument": {
            "uri": "file:///home/ajin/Desktop/ajpj/cpppls/test/main.pl"
        }
    }
}

